<?xml version="1.0" encoding="UTF-8"?>
<!-- Generated by org.testng.reporters.JUnitXMLReporter -->
<testsuite hostname="Nedim" ignored="9" name="Default test" tests="1" failures="0" timestamp="09 Jul 2020 18:13:10 GMT" time="0.02" errors="0">
  <testcase name="@BeforeTest setUp" time="0.0" classname="testUtils.TestBase">
    <failure type="org.testng.TestNGException" message="
Parameter &amp;apos;browser&amp;apos; is required by BeforeTest on method setUp but has not been marked @Optional or defined
in C:\Users\Nedim\AppData\Local\Temp\testng-eclipse-753310666\testng-customsuite.xml">
      <![CDATA[org.testng.TestNGException: 
Parameter 'browser' is required by BeforeTest on method setUp but has not been marked @Optional or defined
in C:\Users\Nedim\AppData\Local\Temp\testng-eclipse-753310666\testng-customsuite.xml
	at org.testng.internal.Parameters.createParameters(Parameters.java:199)
	at org.testng.internal.Parameters.createParameters(Parameters.java:443)
	at org.testng.internal.Parameters.createConfigurationParameters(Parameters.java:118)
	at org.testng.internal.Invoker.invokeConfigurations(Invoker.java:206)
	at org.testng.internal.Invoker.invokeConfigurations(Invoker.java:146)
	at org.testng.TestRunner.beforeRun(TestRunner.java:626)
	at org.testng.TestRunner.run(TestRunner.java:594)
	at org.testng.SuiteRunner.runTest(SuiteRunner.java:380)
	at org.testng.SuiteRunner.runSequentially(SuiteRunner.java:375)
	at org.testng.SuiteRunner.privateRun(SuiteRunner.java:340)
	at org.testng.SuiteRunner.run(SuiteRunner.java:289)
	at org.testng.SuiteRunnerWorker.runSuite(SuiteRunnerWorker.java:52)
	at org.testng.SuiteRunnerWorker.run(SuiteRunnerWorker.java:86)
	at org.testng.TestNG.runSuitesSequentially(TestNG.java:1301)
	at org.testng.TestNG.runSuitesLocally(TestNG.java:1226)
	at org.testng.TestNG.runSuites(TestNG.java:1144)
	at org.testng.TestNG.run(TestNG.java:1115)
	at org.testng.remote.AbstractRemoteTestNG.run(AbstractRemoteTestNG.java:115)
	at org.testng.remote.RemoteTestNG.initAndRun(RemoteTestNG.java:251)
	at org.testng.remote.RemoteTestNG.main(RemoteTestNG.java:77)
]]>
    </failure>
  </testcase> <!-- @BeforeTest setUp -->
  <testcase name="checkUserIsRegistered" time="0.0" classname="smoke.MakeReservation">
    <skipped/>
  </testcase> <!-- checkUserIsRegistered -->
  <testcase name="openRegistrationPage" time="0.0" classname="smoke.MakeReservation">
    <ignored/>
  </testcase> <!-- openRegistrationPage -->
  <testcase name="openUserDetails" time="0.0" classname="smoke.MakeReservation">
    <ignored/>
  </testcase> <!-- openUserDetails -->
  <testcase name="loginToRestaurantsPage" time="0.0" classname="smoke.MakeReservation">
    <ignored/>
  </testcase> <!-- loginToRestaurantsPage -->
  <testcase name="logOut" time="0.0" classname="smoke.MakeReservation">
    <ignored/>
  </testcase> <!-- logOut -->
  <testcase name="openRestaurantsPage" time="0.0" classname="smoke.MakeReservation">
    <ignored/>
  </testcase> <!-- openRestaurantsPage -->
  <testcase name="openRestaurantsHomePage" time="0.0" classname="smoke.MakeReservation">
    <ignored/>
  </testcase> <!-- openRestaurantsHomePage -->
  <testcase name="checkUserLoginIsSuccessful" time="0.0" classname="smoke.MakeReservation">
    <ignored/>
  </testcase> <!-- checkUserLoginIsSuccessful -->
  <testcase name="populateRegistrationForm" time="0.0" classname="smoke.MakeReservation">
    <ignored/>
  </testcase> <!-- populateRegistrationForm -->
  <testcase name="openHomePage" time="0.0" classname="smoke.MakeReservation">
    <ignored/>
  </testcase> <!-- openHomePage -->
</testsuite> <!-- Default test -->
